<?xml version="1.0" encoding="UTF-8"?>
<!-- Generated by org.testng.reporters.JUnitReportReporter -->
<testsuite skipped="0" hostname="Dell-PC" name="enhancement.LightingNegativeScenario" tests="20" failures="0" timestamp="09 May 2017 15:59:04 GMT" time="160.964" errors="0">
  <testcase name="Login" time="11.763" classname="enhancement.LightingNegativeScenario"/>
  <testcase name="AMUserSearch" time="17.648" classname="enhancement.LightingNegativeScenario"/>
  <testcase name="AMUserDetails" time="3.524" classname="enhancement.LightingNegativeScenario"/>
  <testcase name="AMUserLogin" time="10.182" classname="enhancement.LightingNegativeScenario"/>
  <testcase name="Opportunities" time="4.644" classname="enhancement.LightingNegativeScenario"/>
  <testcase name="CreateOpportunity" time="5.095" classname="enhancement.LightingNegativeScenario"/>
  <testcase name="CreateNewOpportunity" time="7.570" classname="enhancement.LightingNegativeScenario"/>
  <testcase name="Units" time="5.023" classname="enhancement.LightingNegativeScenario"/>
  <testcase name="Analysis" time="4.789" classname="enhancement.LightingNegativeScenario"/>
  <testcase name="ClickAnalysis" time="2.235" classname="enhancement.LightingNegativeScenario"/>
  <testcase name="NewAnalysis" time="3.477" classname="enhancement.LightingNegativeScenario"/>
  <testcase name="UnitsAndSetup" time="3.912" classname="enhancement.LightingNegativeScenario"/>
  <testcase name="Budget" time="2.250" classname="enhancement.LightingNegativeScenario"/>
  <testcase name="RentsAndIncentive" time="4.172" classname="enhancement.LightingNegativeScenario"/>
  <testcase name="Securities" time="2.886" classname="enhancement.LightingNegativeScenario"/>
  <testcase name="SaveAnalysis" time="2.289" classname="enhancement.LightingNegativeScenario"/>
  <testcase name="LaunchAnalysis" time="63.939" classname="enhancement.LightingNegativeScenario"/>
  <testcase name="LaunchApproval" time="2.738" classname="enhancement.LightingNegativeScenario"/>
  <testcase name="Overview" time="2.727" classname="enhancement.LightingNegativeScenario"/>
  <testcase name="TenantNameError" time="0.101" classname="enhancement.LightingNegativeScenario"/>
</testsuite> <!-- enhancement.LightingNegativeScenario -->
