<?xml version="1.0" encoding="UTF-8"?>
<!-- Generated by org.testng.reporters.JUnitReportReporter -->
<testsuite skipped="0" hostname="Dell-PC" name="enhancement.LightingAM_User" tests="36" failures="0" timestamp="09 May 2017 16:07:42 GMT" time="343.316" errors="0">
  <testcase name="Login" time="15.050" classname="enhancement.LightingAM_User"/>
  <testcase name="AMUserSearch" time="16.757" classname="enhancement.LightingAM_User"/>
  <testcase name="AMUserDetails" time="2.917" classname="enhancement.LightingAM_User"/>
  <testcase name="AMUserLogin" time="11.616" classname="enhancement.LightingAM_User"/>
  <testcase name="Opportunities" time="9.313" classname="enhancement.LightingAM_User"/>
  <testcase name="CreateOpportunity" time="3.889" classname="enhancement.LightingAM_User"/>
  <testcase name="CreateNewOpportunity" time="7.137" classname="enhancement.LightingAM_User"/>
  <testcase name="TenantName" time="5.347" classname="enhancement.LightingAM_User"/>
  <testcase name="Units" time="3.054" classname="enhancement.LightingAM_User"/>
  <testcase name="Analysis" time="5.132" classname="enhancement.LightingAM_User"/>
  <testcase name="ClickAnalysis" time="2.260" classname="enhancement.LightingAM_User"/>
  <testcase name="NewAnalysis" time="3.391" classname="enhancement.LightingAM_User"/>
  <testcase name="UnitsAndSetup" time="3.741" classname="enhancement.LightingAM_User"/>
  <testcase name="Budget" time="2.257" classname="enhancement.LightingAM_User"/>
  <testcase name="RentsAndIncentive" time="4.209" classname="enhancement.LightingAM_User"/>
  <testcase name="Securities" time="2.800" classname="enhancement.LightingAM_User"/>
  <testcase name="SaveAnalysis" time="2.222" classname="enhancement.LightingAM_User"/>
  <testcase name="LaunchAnalysis" time="63.785" classname="enhancement.LightingAM_User"/>
  <testcase name="LaunchApproval" time="2.770" classname="enhancement.LightingAM_User"/>
  <testcase name="Approval" time="4.509" classname="enhancement.LightingAM_User"/>
  <testcase name="CommentForApproval" time="10.895" classname="enhancement.LightingAM_User"/>
  <testcase name="ApprovalLogout" time="5.391" classname="enhancement.LightingAM_User"/>
  <testcase name="FirstLevelSearch" time="11.573" classname="enhancement.LightingAM_User"/>
  <testcase name="FirstLevelLogin" time="3.079" classname="enhancement.LightingAM_User"/>
  <testcase name="FirstLevelHome" time="12.152" classname="enhancement.LightingAM_User"/>
  <testcase name="FirstLevelApproval" time="2.260" classname="enhancement.LightingAM_User"/>
  <testcase name="FirstLevelLevelClick" time="14.942" classname="enhancement.LightingAM_User"/>
  <testcase name="SecondLevelSearch" time="11.312" classname="enhancement.LightingAM_User"/>
  <testcase name="SecondLevelLogin" time="3.960" classname="enhancement.LightingAM_User"/>
  <testcase name="SecondLevelApproval" time="24.762" classname="enhancement.LightingAM_User"/>
  <testcase name="ThirdLevelSearch" time="10.594" classname="enhancement.LightingAM_User"/>
  <testcase name="ThirdLevelLogin" time="3.078" classname="enhancement.LightingAM_User"/>
  <testcase name="ThirdLevelApproval" time="23.165" classname="enhancement.LightingAM_User"/>
  <testcase name="FourthLevelSearch" time="11.061" classname="enhancement.LightingAM_User"/>
  <testcase name="FourthLevelLogin" time="3.015" classname="enhancement.LightingAM_User"/>
  <testcase name="FourthLevelApproval" time="19.921" classname="enhancement.LightingAM_User"/>
</testsuite> <!-- enhancement.LightingAM_User -->
