<?xml version="1.0" encoding="UTF-8"?>
<!-- Generated by org.testng.reporters.JUnitReportReporter -->
<testsuite skipped="0" hostname="Dell-PC" name="enhancement.LightingEU_User" tests="30" failures="0" timestamp="12 May 2017 14:50:44 GMT" time="275.225" errors="0">
  <testcase name="Login" time="6.975" classname="enhancement.LightingEU_User"/>
  <testcase name="EUUserSearch" time="23.276" classname="enhancement.LightingEU_User"/>
  <testcase name="EUUserDetails" time="2.627" classname="enhancement.LightingEU_User"/>
  <testcase name="EUUserLogin" time="11.131" classname="enhancement.LightingEU_User"/>
  <testcase name="Opportunities" time="5.025" classname="enhancement.LightingEU_User"/>
  <testcase name="CreateOpportunity" time="4.479" classname="enhancement.LightingEU_User"/>
  <testcase name="CreateNewOpportunity" time="8.778" classname="enhancement.LightingEU_User"/>
  <testcase name="TenantName" time="4.292" classname="enhancement.LightingEU_User"/>
  <testcase name="Units" time="3.063" classname="enhancement.LightingEU_User"/>
  <testcase name="Analysis" time="4.719" classname="enhancement.LightingEU_User"/>
  <testcase name="ClickAnalysis" time="2.249" classname="enhancement.LightingEU_User"/>
  <testcase name="NewAnalysis" time="3.361" classname="enhancement.LightingEU_User"/>
  <testcase name="UnitsAndSetup" time="4.024" classname="enhancement.LightingEU_User"/>
  <testcase name="Budget" time="2.264" classname="enhancement.LightingEU_User"/>
  <testcase name="RentsAndIncentive" time="5.580" classname="enhancement.LightingEU_User"/>
  <testcase name="Guarantees" time="2.862" classname="enhancement.LightingEU_User"/>
  <testcase name="SaveAnalysis" time="2.275" classname="enhancement.LightingEU_User"/>
  <testcase name="LaunchAnalysis" time="64.144" classname="enhancement.LightingEU_User"/>
  <testcase name="LaunchApproval" time="2.707" classname="enhancement.LightingEU_User"/>
  <testcase name="Approval" time="2.211" classname="enhancement.LightingEU_User"/>
  <testcase name="CommentForApproval" time="19.367" classname="enhancement.LightingEU_User"/>
  <testcase name="ApprovalLogout" time="7.335" classname="enhancement.LightingEU_User"/>
  <testcase name="FirstLevelSearch" time="11.942" classname="enhancement.LightingEU_User"/>
  <testcase name="FirstLevelLogin" time="3.460" classname="enhancement.LightingEU_User"/>
  <testcase name="FirstLevelHome" time="5.668" classname="enhancement.LightingEU_User"/>
  <testcase name="FirstLevelApproval" time="3.785" classname="enhancement.LightingEU_User"/>
  <testcase name="FirstLevelLevelClick" time="17.663" classname="enhancement.LightingEU_User"/>
  <testcase name="SecondLevelSearch" time="11.499" classname="enhancement.LightingEU_User"/>
  <testcase name="SecondLevelLogin" time="3.434" classname="enhancement.LightingEU_User"/>
  <testcase name="SecondLevelApproval" time="25.030" classname="enhancement.LightingEU_User"/>
</testsuite> <!-- enhancement.LightingEU_User -->
