<?xml version="1.0" encoding="UTF-8"?>
<!-- Generated by org.testng.reporters.JUnitReportReporter -->
<testsuite skipped="0" hostname="Dell-PC" name="enhancement.LightingAM_User" tests="36" failures="0" timestamp="11 May 2017 15:57:50 GMT" time="355.347" errors="0">
  <testcase name="Login" time="12.160" classname="enhancement.LightingAM_User"/>
  <testcase name="AMUserSearch" time="17.847" classname="enhancement.LightingAM_User"/>
  <testcase name="AMUserDetails" time="2.939" classname="enhancement.LightingAM_User"/>
  <testcase name="AMUserLogin" time="12.335" classname="enhancement.LightingAM_User"/>
  <testcase name="Opportunities" time="12.286" classname="enhancement.LightingAM_User"/>
  <testcase name="CreateOpportunity" time="4.352" classname="enhancement.LightingAM_User"/>
  <testcase name="CreateNewOpportunity" time="6.828" classname="enhancement.LightingAM_User"/>
  <testcase name="TenantName" time="4.699" classname="enhancement.LightingAM_User"/>
  <testcase name="Units" time="3.047" classname="enhancement.LightingAM_User"/>
  <testcase name="Analysis" time="4.798" classname="enhancement.LightingAM_User"/>
  <testcase name="ClickAnalysis" time="2.259" classname="enhancement.LightingAM_User"/>
  <testcase name="NewAnalysis" time="3.383" classname="enhancement.LightingAM_User"/>
  <testcase name="UnitsAndSetup" time="3.683" classname="enhancement.LightingAM_User"/>
  <testcase name="Budget" time="2.267" classname="enhancement.LightingAM_User"/>
  <testcase name="RentsAndIncentive" time="4.325" classname="enhancement.LightingAM_User"/>
  <testcase name="Securities" time="2.814" classname="enhancement.LightingAM_User"/>
  <testcase name="SaveAnalysis" time="2.237" classname="enhancement.LightingAM_User"/>
  <testcase name="LaunchAnalysis" time="64.074" classname="enhancement.LightingAM_User"/>
  <testcase name="LaunchApproval" time="3.016" classname="enhancement.LightingAM_User"/>
  <testcase name="Approval" time="3.853" classname="enhancement.LightingAM_User"/>
  <testcase name="CommentForApproval" time="11.182" classname="enhancement.LightingAM_User"/>
  <testcase name="ApprovalLogout" time="5.335" classname="enhancement.LightingAM_User"/>
  <testcase name="FirstLevelSearch" time="10.919" classname="enhancement.LightingAM_User"/>
  <testcase name="FirstLevelLogin" time="3.634" classname="enhancement.LightingAM_User"/>
  <testcase name="FirstLevelHome" time="12.483" classname="enhancement.LightingAM_User"/>
  <testcase name="FirstLevelApproval" time="2.246" classname="enhancement.LightingAM_User"/>
  <testcase name="FirstLevelLevelClick" time="16.006" classname="enhancement.LightingAM_User"/>
  <testcase name="SecondLevelSearch" time="11.161" classname="enhancement.LightingAM_User"/>
  <testcase name="SecondLevelLogin" time="3.018" classname="enhancement.LightingAM_User"/>
  <testcase name="SecondLevelApproval" time="39.577" classname="enhancement.LightingAM_User"/>
  <testcase name="ThirdLevelSearch" time="10.628" classname="enhancement.LightingAM_User"/>
  <testcase name="ThirdLevelLogin" time="2.855" classname="enhancement.LightingAM_User"/>
  <testcase name="ThirdLevelApproval" time="21.535" classname="enhancement.LightingAM_User"/>
  <testcase name="FourthLevelSearch" time="10.540" classname="enhancement.LightingAM_User"/>
  <testcase name="FourthLevelLogin" time="2.943" classname="enhancement.LightingAM_User"/>
  <testcase name="FourthLevelApproval" time="18.083" classname="enhancement.LightingAM_User"/>
</testsuite> <!-- enhancement.LightingAM_User -->
