<?xml version="1.0" encoding="UTF-8"?>
<!-- Generated by org.testng.reporters.JUnitReportReporter -->
<testsuite skipped="22" hostname="Dell-PC" name="enhancement.LightingAM_User" tests="28" failures="0" timestamp="26 Apr 2017 16:30:19 GMT" time="80.347" errors="0">
  <testcase name="Login" time="14.729" classname="enhancement.LightingAM_User"/>
  <testcase name="FirstLevelSearch" time="22.483" classname="enhancement.LightingAM_User"/>
  <testcase name="FirstLevelLogin" time="7.590" classname="enhancement.LightingAM_User"/>
  <testcase name="FirstLevelHome" time="18.842" classname="enhancement.LightingAM_User"/>
  <testcase name="FirstLevelApproval" time="3.507" classname="enhancement.LightingAM_User"/>
  <testcase name="FirstLevelLevelClick" time="13.196" classname="enhancement.LightingAM_User"/>
  <testcase name="UnitsAndSetup" classname="enhancement.LightingAM_User">
    <skipped/>
  </testcase> <!-- UnitsAndSetup -->
  <testcase name="SaveAnalysis" classname="enhancement.LightingAM_User">
    <skipped/>
  </testcase> <!-- SaveAnalysis -->
  <testcase name="NewAnalysis" classname="enhancement.LightingAM_User">
    <skipped/>
  </testcase> <!-- NewAnalysis -->
  <testcase name="CreateNewOpportunity" classname="enhancement.LightingAM_User">
    <skipped/>
  </testcase> <!-- CreateNewOpportunity -->
  <testcase name="Securities" classname="enhancement.LightingAM_User">
    <skipped/>
  </testcase> <!-- Securities -->
  <testcase name="AMUserLogin" classname="enhancement.LightingAM_User">
    <skipped/>
  </testcase> <!-- AMUserLogin -->
  <testcase name="AMUserDetails" classname="enhancement.LightingAM_User">
    <skipped/>
  </testcase> <!-- AMUserDetails -->
  <testcase name="Approval" classname="enhancement.LightingAM_User">
    <skipped/>
  </testcase> <!-- Approval -->
  <testcase name="RentsAndIncentive" classname="enhancement.LightingAM_User">
    <skipped/>
  </testcase> <!-- RentsAndIncentive -->
  <testcase name="Budget" classname="enhancement.LightingAM_User">
    <skipped/>
  </testcase> <!-- Budget -->
  <testcase name="Analysis" classname="enhancement.LightingAM_User">
    <skipped/>
  </testcase> <!-- Analysis -->
  <testcase name="ClickAnalysis" classname="enhancement.LightingAM_User">
    <skipped/>
  </testcase> <!-- ClickAnalysis -->
  <testcase name="LaunchApproval" classname="enhancement.LightingAM_User">
    <skipped/>
  </testcase> <!-- LaunchApproval -->
  <testcase name="Units" classname="enhancement.LightingAM_User">
    <skipped/>
  </testcase> <!-- Units -->
  <testcase name="CommentForApproval" classname="enhancement.LightingAM_User">
    <skipped/>
  </testcase> <!-- CommentForApproval -->
  <testcase name="ApprovalLogout" classname="enhancement.LightingAM_User">
    <skipped/>
  </testcase> <!-- ApprovalLogout -->
  <testcase name="Opportunities" classname="enhancement.LightingAM_User">
    <skipped/>
  </testcase> <!-- Opportunities -->
  <testcase name="CreateOpportunity" classname="enhancement.LightingAM_User">
    <skipped/>
  </testcase> <!-- CreateOpportunity -->
  <testcase name="TenantName" classname="enhancement.LightingAM_User">
    <skipped/>
  </testcase> <!-- TenantName -->
  <testcase name="Approvalclick" classname="enhancement.LightingAM_User">
    <skipped/>
  </testcase> <!-- Approvalclick -->
  <testcase name="AMUserSearch" classname="enhancement.LightingAM_User">
    <skipped/>
  </testcase> <!-- AMUserSearch -->
  <testcase name="LaunchAnalysis" classname="enhancement.LightingAM_User">
    <skipped/>
  </testcase> <!-- LaunchAnalysis -->
</testsuite> <!-- enhancement.LightingAM_User -->
