<?xml version="1.0" encoding="UTF-8"?>
<!-- Generated by org.testng.reporters.JUnitReportReporter -->
<testsuite skipped="0" hostname="Dell-PC" name="enhancement.LightingAM_User" tests="36" failures="0" timestamp="12 May 2017 14:45:40 GMT" time="349.277" errors="0">
  <testcase name="Login" time="13.332" classname="enhancement.LightingAM_User"/>
  <testcase name="AMUserSearch" time="17.690" classname="enhancement.LightingAM_User"/>
  <testcase name="AMUserDetails" time="2.846" classname="enhancement.LightingAM_User"/>
  <testcase name="AMUserLogin" time="11.718" classname="enhancement.LightingAM_User"/>
  <testcase name="Opportunities" time="7.206" classname="enhancement.LightingAM_User"/>
  <testcase name="CreateOpportunity" time="4.213" classname="enhancement.LightingAM_User"/>
  <testcase name="CreateNewOpportunity" time="7.332" classname="enhancement.LightingAM_User"/>
  <testcase name="TenantName" time="4.308" classname="enhancement.LightingAM_User"/>
  <testcase name="Units" time="3.029" classname="enhancement.LightingAM_User"/>
  <testcase name="Analysis" time="4.759" classname="enhancement.LightingAM_User"/>
  <testcase name="ClickAnalysis" time="2.269" classname="enhancement.LightingAM_User"/>
  <testcase name="NewAnalysis" time="3.362" classname="enhancement.LightingAM_User"/>
  <testcase name="UnitsAndSetup" time="4.004" classname="enhancement.LightingAM_User"/>
  <testcase name="Budget" time="2.261" classname="enhancement.LightingAM_User"/>
  <testcase name="RentsAndIncentive" time="4.000" classname="enhancement.LightingAM_User"/>
  <testcase name="Securities" time="2.936" classname="enhancement.LightingAM_User"/>
  <testcase name="SaveAnalysis" time="2.285" classname="enhancement.LightingAM_User"/>
  <testcase name="LaunchAnalysis" time="64.318" classname="enhancement.LightingAM_User"/>
  <testcase name="LaunchApproval" time="2.750" classname="enhancement.LightingAM_User"/>
  <testcase name="Approval" time="4.467" classname="enhancement.LightingAM_User"/>
  <testcase name="CommentForApproval" time="11.270" classname="enhancement.LightingAM_User"/>
  <testcase name="ApprovalLogout" time="5.287" classname="enhancement.LightingAM_User"/>
  <testcase name="FirstLevelSearch" time="12.747" classname="enhancement.LightingAM_User"/>
  <testcase name="FirstLevelLogin" time="3.890" classname="enhancement.LightingAM_User"/>
  <testcase name="FirstLevelHome" time="6.045" classname="enhancement.LightingAM_User"/>
  <testcase name="FirstLevelApproval" time="3.940" classname="enhancement.LightingAM_User"/>
  <testcase name="FirstLevelLevelClick" time="15.216" classname="enhancement.LightingAM_User"/>
  <testcase name="SecondLevelSearch" time="12.043" classname="enhancement.LightingAM_User"/>
  <testcase name="SecondLevelLogin" time="3.084" classname="enhancement.LightingAM_User"/>
  <testcase name="SecondLevelApproval" time="28.799" classname="enhancement.LightingAM_User"/>
  <testcase name="ThirdLevelSearch" time="11.588" classname="enhancement.LightingAM_User"/>
  <testcase name="ThirdLevelLogin" time="4.289" classname="enhancement.LightingAM_User"/>
  <testcase name="ThirdLevelApproval" time="24.777" classname="enhancement.LightingAM_User"/>
  <testcase name="FourthLevelSearch" time="10.726" classname="enhancement.LightingAM_User"/>
  <testcase name="FourthLevelLogin" time="4.863" classname="enhancement.LightingAM_User"/>
  <testcase name="FourthLevelApproval" time="21.628" classname="enhancement.LightingAM_User"/>
</testsuite> <!-- enhancement.LightingAM_User -->
