<?xml version="1.0" encoding="UTF-8"?>
<!-- Generated by org.testng.reporters.JUnitReportReporter -->
<testsuite skipped="0" hostname="Dell-PC" name="enhancement.Acquisition" tests="10" failures="0" timestamp="17 May 2017 16:10:34 GMT" time="73.925" errors="0">
  <testcase name="Login" time="15.689" classname="enhancement.Acquisition"/>
  <testcase name="AMUserSearch" time="16.937" classname="enhancement.Acquisition"/>
  <testcase name="AMUserDetails" time="2.504" classname="enhancement.Acquisition"/>
  <testcase name="AMUserLogin" time="9.169" classname="enhancement.Acquisition"/>
  <testcase name="AcquisitionClick" time="4.195" classname="enhancement.Acquisition"/>
  <testcase name="CreateNewDeal" time="12.573" classname="enhancement.Acquisition"/>
  <testcase name="CreateNewDealclick" time="5.291" classname="enhancement.Acquisition"/>
  <testcase name="CreateNewAcquisitionDeal" time="2.310" classname="enhancement.Acquisition"/>
  <testcase name="CreateNewAcquisitionDealSingleBuilding" time="2.572" classname="enhancement.Acquisition"/>
  <testcase name="CreateNewDealName" time="2.685" classname="enhancement.Acquisition"/>
</testsuite> <!-- enhancement.Acquisition -->
