<?xml version="1.0" encoding="UTF-8"?>
<!-- Generated by org.testng.reporters.JUnitReportReporter -->
<testsuite skipped="0" hostname="Dell-PC" name="enhancement.LightingAM_User" tests="36" failures="0" timestamp="04 May 2017 15:20:38 GMT" time="342.492" errors="0">
  <testcase name="Login" time="14.648" classname="enhancement.LightingAM_User"/>
  <testcase name="AMUserSearch" time="17.487" classname="enhancement.LightingAM_User"/>
  <testcase name="AMUserDetails" time="3.900" classname="enhancement.LightingAM_User"/>
  <testcase name="AMUserLogin" time="7.807" classname="enhancement.LightingAM_User"/>
  <testcase name="Opportunities" time="4.361" classname="enhancement.LightingAM_User"/>
  <testcase name="CreateOpportunity" time="2.631" classname="enhancement.LightingAM_User"/>
  <testcase name="CreateNewOpportunity" time="10.220" classname="enhancement.LightingAM_User"/>
  <testcase name="TenantName" time="4.167" classname="enhancement.LightingAM_User"/>
  <testcase name="Units" time="3.060" classname="enhancement.LightingAM_User"/>
  <testcase name="Analysis" time="4.751" classname="enhancement.LightingAM_User"/>
  <testcase name="ClickAnalysis" time="2.290" classname="enhancement.LightingAM_User"/>
  <testcase name="NewAnalysis" time="3.400" classname="enhancement.LightingAM_User"/>
  <testcase name="UnitsAndSetup" time="4.051" classname="enhancement.LightingAM_User"/>
  <testcase name="Budget" time="2.245" classname="enhancement.LightingAM_User"/>
  <testcase name="RentsAndIncentive" time="4.237" classname="enhancement.LightingAM_User"/>
  <testcase name="Securities" time="2.805" classname="enhancement.LightingAM_User"/>
  <testcase name="SaveAnalysis" time="2.264" classname="enhancement.LightingAM_User"/>
  <testcase name="LaunchAnalysis" time="64.125" classname="enhancement.LightingAM_User"/>
  <testcase name="LaunchApproval" time="2.881" classname="enhancement.LightingAM_User"/>
  <testcase name="Approval" time="4.341" classname="enhancement.LightingAM_User"/>
  <testcase name="CommentForApproval" time="12.770" classname="enhancement.LightingAM_User"/>
  <testcase name="ApprovalLogout" time="5.457" classname="enhancement.LightingAM_User"/>
  <testcase name="FirstLevelSearch" time="10.822" classname="enhancement.LightingAM_User"/>
  <testcase name="FirstLevelLogin" time="3.475" classname="enhancement.LightingAM_User"/>
  <testcase name="FirstLevelHome" time="13.343" classname="enhancement.LightingAM_User"/>
  <testcase name="FirstLevelApproval" time="2.279" classname="enhancement.LightingAM_User"/>
  <testcase name="FirstLevelLevelClick" time="14.249" classname="enhancement.LightingAM_User"/>
  <testcase name="SecondLevelSearch" time="10.973" classname="enhancement.LightingAM_User"/>
  <testcase name="SecondLevelLogin" time="6.791" classname="enhancement.LightingAM_User"/>
  <testcase name="SecondLevelApproval" time="24.745" classname="enhancement.LightingAM_User"/>
  <testcase name="ThirdLevelSearch" time="11.277" classname="enhancement.LightingAM_User"/>
  <testcase name="ThirdLevelLogin" time="3.346" classname="enhancement.LightingAM_User"/>
  <testcase name="ThirdLevelApproval" time="21.562" classname="enhancement.LightingAM_User"/>
  <testcase name="FourthLevelSearch" time="10.063" classname="enhancement.LightingAM_User"/>
  <testcase name="FourthLevelLogin" time="3.319" classname="enhancement.LightingAM_User"/>
  <testcase name="FourthLevelApproval" time="22.350" classname="enhancement.LightingAM_User"/>
</testsuite> <!-- enhancement.LightingAM_User -->
