<?xml version="1.0" encoding="UTF-8"?>
<!-- Generated by org.testng.reporters.JUnitReportReporter -->
<testsuite skipped="6" hostname="Dell-PC" name="enhancement.Acquisition" tests="15" failures="0" timestamp="23 May 2017 16:18:41 GMT" time="73.620" errors="0">
  <testcase name="Login" time="15.874" classname="enhancement.Acquisition"/>
  <testcase name="AMUserSearch" time="18.150" classname="enhancement.Acquisition"/>
  <testcase name="AMUserDetails" time="2.783" classname="enhancement.Acquisition"/>
  <testcase name="AMUserLogin" time="10.171" classname="enhancement.Acquisition"/>
  <testcase name="ClickOnExistingDeal" time="11.384" classname="enhancement.Acquisition"/>
  <testcase name="AssetAttribute" time="14.638" classname="enhancement.Acquisition"/>
  <testcase name="SwitchToFrame" time="0.055" classname="enhancement.Acquisition"/>
  <testcase name="AssetAttributeclick" time="0.270" classname="enhancement.Acquisition"/>
  <testcase name="AssetAttributeclickAgain" time="0.295" classname="enhancement.Acquisition"/>
  <testcase name="CreateNewDeal" classname="enhancement.Acquisition">
    <skipped/>
  </testcase> <!-- CreateNewDeal -->
  <testcase name="CreateNewDealName" classname="enhancement.Acquisition">
    <skipped/>
  </testcase> <!-- CreateNewDealName -->
  <testcase name="CreateNewDealclick" classname="enhancement.Acquisition">
    <skipped/>
  </testcase> <!-- CreateNewDealclick -->
  <testcase name="AcquisitionClick" classname="enhancement.Acquisition">
    <skipped/>
  </testcase> <!-- AcquisitionClick -->
  <testcase name="CreateNewAcquisitionDeal" classname="enhancement.Acquisition">
    <skipped/>
  </testcase> <!-- CreateNewAcquisitionDeal -->
  <testcase name="CreateNewAcquisitionDealSingleBuilding" classname="enhancement.Acquisition">
    <skipped/>
  </testcase> <!-- CreateNewAcquisitionDealSingleBuilding -->
</testsuite> <!-- enhancement.Acquisition -->
