<?xml version="1.0" encoding="UTF-8"?>
<!-- Generated by org.testng.reporters.JUnitReportReporter -->
<testsuite skipped="0" hostname="Dell-PC" name="enhancement.LightingEU_User" tests="30" failures="0" timestamp="09 May 2017 16:13:18 GMT" time="285.108" errors="0">
  <testcase name="Login" time="13.824" classname="enhancement.LightingEU_User"/>
  <testcase name="EUUserSearch" time="19.259" classname="enhancement.LightingEU_User"/>
  <testcase name="EUUserDetails" time="6.317" classname="enhancement.LightingEU_User"/>
  <testcase name="EUUserLogin" time="11.018" classname="enhancement.LightingEU_User"/>
  <testcase name="Opportunities" time="10.725" classname="enhancement.LightingEU_User"/>
  <testcase name="CreateOpportunity" time="5.127" classname="enhancement.LightingEU_User"/>
  <testcase name="CreateNewOpportunity" time="8.944" classname="enhancement.LightingEU_User"/>
  <testcase name="TenantName" time="4.893" classname="enhancement.LightingEU_User"/>
  <testcase name="Units" time="2.992" classname="enhancement.LightingEU_User"/>
  <testcase name="Analysis" time="4.459" classname="enhancement.LightingEU_User"/>
  <testcase name="ClickAnalysis" time="2.231" classname="enhancement.LightingEU_User"/>
  <testcase name="NewAnalysis" time="3.625" classname="enhancement.LightingEU_User"/>
  <testcase name="UnitsAndSetup" time="6.558" classname="enhancement.LightingEU_User"/>
  <testcase name="Budget" time="2.296" classname="enhancement.LightingEU_User"/>
  <testcase name="RentsAndIncentive" time="5.572" classname="enhancement.LightingEU_User"/>
  <testcase name="Guarantees" time="2.871" classname="enhancement.LightingEU_User"/>
  <testcase name="SaveAnalysis" time="2.275" classname="enhancement.LightingEU_User"/>
  <testcase name="LaunchAnalysis" time="65.694" classname="enhancement.LightingEU_User"/>
  <testcase name="LaunchApproval" time="2.744" classname="enhancement.LightingEU_User"/>
  <testcase name="Approval" time="5.728" classname="enhancement.LightingEU_User"/>
  <testcase name="CommentForApproval" time="11.479" classname="enhancement.LightingEU_User"/>
  <testcase name="ApprovalLogout" time="5.315" classname="enhancement.LightingEU_User"/>
  <testcase name="FirstLevelSearch" time="12.065" classname="enhancement.LightingEU_User"/>
  <testcase name="FirstLevelLogin" time="3.109" classname="enhancement.LightingEU_User"/>
  <testcase name="FirstLevelHome" time="5.087" classname="enhancement.LightingEU_User"/>
  <testcase name="FirstLevelApproval" time="3.444" classname="enhancement.LightingEU_User"/>
  <testcase name="FirstLevelLevelClick" time="15.762" classname="enhancement.LightingEU_User"/>
  <testcase name="SecondLevelSearch" time="11.720" classname="enhancement.LightingEU_User"/>
  <testcase name="SecondLevelLogin" time="3.028" classname="enhancement.LightingEU_User"/>
  <testcase name="SecondLevelApproval" time="26.947" classname="enhancement.LightingEU_User"/>
</testsuite> <!-- enhancement.LightingEU_User -->
