<?xml version="1.0" encoding="UTF-8"?>
<!-- Generated by org.testng.reporters.JUnitReportReporter -->
<testsuite skipped="0" hostname="Dell-PC" name="enhancement.LightingEU_User" tests="30" failures="0" timestamp="29 Apr 2017 10:19:45 GMT" time="285.737" errors="0">
  <testcase name="Login" time="14.366" classname="enhancement.LightingEU_User"/>
  <testcase name="EUUserSearch" time="20.403" classname="enhancement.LightingEU_User"/>
  <testcase name="EUUserDetails" time="3.723" classname="enhancement.LightingEU_User"/>
  <testcase name="EUUserLogin" time="8.593" classname="enhancement.LightingEU_User"/>
  <testcase name="Opportunities" time="4.576" classname="enhancement.LightingEU_User"/>
  <testcase name="CreateOpportunity" time="2.739" classname="enhancement.LightingEU_User"/>
  <testcase name="CreateNewOpportunity" time="11.905" classname="enhancement.LightingEU_User"/>
  <testcase name="TenantName" time="4.461" classname="enhancement.LightingEU_User"/>
  <testcase name="Units" time="2.999" classname="enhancement.LightingEU_User"/>
  <testcase name="Analysis" time="4.729" classname="enhancement.LightingEU_User"/>
  <testcase name="ClickAnalysis" time="2.270" classname="enhancement.LightingEU_User"/>
  <testcase name="NewAnalysis" time="3.413" classname="enhancement.LightingEU_User"/>
  <testcase name="UnitsAndSetup" time="4.065" classname="enhancement.LightingEU_User"/>
  <testcase name="Budget" time="2.280" classname="enhancement.LightingEU_User"/>
  <testcase name="RentsAndIncentive" time="5.979" classname="enhancement.LightingEU_User"/>
  <testcase name="Guarantees" time="2.837" classname="enhancement.LightingEU_User"/>
  <testcase name="SaveAnalysis" time="2.251" classname="enhancement.LightingEU_User"/>
  <testcase name="LaunchAnalysis" time="66.270" classname="enhancement.LightingEU_User"/>
  <testcase name="LaunchApproval" time="2.771" classname="enhancement.LightingEU_User"/>
  <testcase name="Approval" time="4.180" classname="enhancement.LightingEU_User"/>
  <testcase name="CommentForApproval" time="11.901" classname="enhancement.LightingEU_User"/>
  <testcase name="ApprovalLogout" time="5.525" classname="enhancement.LightingEU_User"/>
  <testcase name="FirstLevelSearch" time="9.193" classname="enhancement.LightingEU_User"/>
  <testcase name="FirstLevelLogin" time="3.650" classname="enhancement.LightingEU_User"/>
  <testcase name="FirstLevelHome" time="20.605" classname="enhancement.LightingEU_User"/>
  <testcase name="FirstLevelApproval" time="2.390" classname="enhancement.LightingEU_User"/>
  <testcase name="FirstLevelLevelClick" time="20.253" classname="enhancement.LightingEU_User"/>
  <testcase name="SecondLevelSearch" time="12.387" classname="enhancement.LightingEU_User"/>
  <testcase name="SecondLevelLogin" time="3.052" classname="enhancement.LightingEU_User"/>
  <testcase name="SecondLevelApproval" time="21.971" classname="enhancement.LightingEU_User"/>
</testsuite> <!-- enhancement.LightingEU_User -->
