<?xml version="1.0" encoding="UTF-8"?>
<!-- Generated by org.testng.reporters.JUnitReportReporter -->
<testsuite skipped="0" hostname="Dell-PC" name="enhancement.LightingEU_User" tests="30" failures="0" timestamp="04 May 2017 16:07:44 GMT" time="275.782" errors="0">
  <testcase name="Login" time="19.798" classname="enhancement.LightingEU_User"/>
  <testcase name="EUUserSearch" time="19.539" classname="enhancement.LightingEU_User"/>
  <testcase name="EUUserDetails" time="4.389" classname="enhancement.LightingEU_User"/>
  <testcase name="EUUserLogin" time="7.840" classname="enhancement.LightingEU_User"/>
  <testcase name="Opportunities" time="4.750" classname="enhancement.LightingEU_User"/>
  <testcase name="CreateOpportunity" time="2.322" classname="enhancement.LightingEU_User"/>
  <testcase name="CreateNewOpportunity" time="10.101" classname="enhancement.LightingEU_User"/>
  <testcase name="TenantName" time="4.359" classname="enhancement.LightingEU_User"/>
  <testcase name="Units" time="2.964" classname="enhancement.LightingEU_User"/>
  <testcase name="Analysis" time="4.604" classname="enhancement.LightingEU_User"/>
  <testcase name="ClickAnalysis" time="2.262" classname="enhancement.LightingEU_User"/>
  <testcase name="NewAnalysis" time="3.476" classname="enhancement.LightingEU_User"/>
  <testcase name="UnitsAndSetup" time="3.794" classname="enhancement.LightingEU_User"/>
  <testcase name="Budget" time="2.257" classname="enhancement.LightingEU_User"/>
  <testcase name="RentsAndIncentive" time="5.260" classname="enhancement.LightingEU_User"/>
  <testcase name="Guarantees" time="2.880" classname="enhancement.LightingEU_User"/>
  <testcase name="SaveAnalysis" time="2.294" classname="enhancement.LightingEU_User"/>
  <testcase name="LaunchAnalysis" time="64.354" classname="enhancement.LightingEU_User"/>
  <testcase name="LaunchApproval" time="2.804" classname="enhancement.LightingEU_User"/>
  <testcase name="Approval" time="4.500" classname="enhancement.LightingEU_User"/>
  <testcase name="CommentForApproval" time="12.233" classname="enhancement.LightingEU_User"/>
  <testcase name="ApprovalLogout" time="5.352" classname="enhancement.LightingEU_User"/>
  <testcase name="FirstLevelSearch" time="12.216" classname="enhancement.LightingEU_User"/>
  <testcase name="FirstLevelLogin" time="3.472" classname="enhancement.LightingEU_User"/>
  <testcase name="FirstLevelHome" time="9.342" classname="enhancement.LightingEU_User"/>
  <testcase name="FirstLevelApproval" time="4.003" classname="enhancement.LightingEU_User"/>
  <testcase name="FirstLevelLevelClick" time="15.384" classname="enhancement.LightingEU_User"/>
  <testcase name="SecondLevelSearch" time="10.848" classname="enhancement.LightingEU_User"/>
  <testcase name="SecondLevelLogin" time="3.401" classname="enhancement.LightingEU_User"/>
  <testcase name="SecondLevelApproval" time="24.984" classname="enhancement.LightingEU_User"/>
</testsuite> <!-- enhancement.LightingEU_User -->
