<?xml version="1.0" encoding="UTF-8"?>
<!-- Generated by org.testng.reporters.JUnitReportReporter -->
<testsuite skipped="0" hostname="Dell-PC" name="enhancement.LightingEU_User" tests="30" failures="0" timestamp="11 May 2017 16:05:59 GMT" time="273.506" errors="0">
  <testcase name="Login" time="12.165" classname="enhancement.LightingEU_User"/>
  <testcase name="EUUserSearch" time="18.180" classname="enhancement.LightingEU_User"/>
  <testcase name="EUUserDetails" time="3.059" classname="enhancement.LightingEU_User"/>
  <testcase name="EUUserLogin" time="9.398" classname="enhancement.LightingEU_User"/>
  <testcase name="Opportunities" time="4.682" classname="enhancement.LightingEU_User"/>
  <testcase name="CreateOpportunity" time="3.986" classname="enhancement.LightingEU_User"/>
  <testcase name="CreateNewOpportunity" time="8.313" classname="enhancement.LightingEU_User"/>
  <testcase name="TenantName" time="4.241" classname="enhancement.LightingEU_User"/>
  <testcase name="Units" time="3.032" classname="enhancement.LightingEU_User"/>
  <testcase name="Analysis" time="4.535" classname="enhancement.LightingEU_User"/>
  <testcase name="ClickAnalysis" time="2.275" classname="enhancement.LightingEU_User"/>
  <testcase name="NewAnalysis" time="3.434" classname="enhancement.LightingEU_User"/>
  <testcase name="UnitsAndSetup" time="3.783" classname="enhancement.LightingEU_User"/>
  <testcase name="Budget" time="2.244" classname="enhancement.LightingEU_User"/>
  <testcase name="RentsAndIncentive" time="5.408" classname="enhancement.LightingEU_User"/>
  <testcase name="Guarantees" time="2.915" classname="enhancement.LightingEU_User"/>
  <testcase name="SaveAnalysis" time="2.232" classname="enhancement.LightingEU_User"/>
  <testcase name="LaunchAnalysis" time="64.152" classname="enhancement.LightingEU_User"/>
  <testcase name="LaunchApproval" time="2.820" classname="enhancement.LightingEU_User"/>
  <testcase name="Approval" time="4.385" classname="enhancement.LightingEU_User"/>
  <testcase name="CommentForApproval" time="12.288" classname="enhancement.LightingEU_User"/>
  <testcase name="ApprovalLogout" time="5.284" classname="enhancement.LightingEU_User"/>
  <testcase name="FirstLevelSearch" time="13.351" classname="enhancement.LightingEU_User"/>
  <testcase name="FirstLevelLogin" time="4.654" classname="enhancement.LightingEU_User"/>
  <testcase name="FirstLevelHome" time="9.623" classname="enhancement.LightingEU_User"/>
  <testcase name="FirstLevelApproval" time="4.013" classname="enhancement.LightingEU_User"/>
  <testcase name="FirstLevelLevelClick" time="15.795" classname="enhancement.LightingEU_User"/>
  <testcase name="SecondLevelSearch" time="11.740" classname="enhancement.LightingEU_User"/>
  <testcase name="SecondLevelLogin" time="2.981" classname="enhancement.LightingEU_User"/>
  <testcase name="SecondLevelApproval" time="28.538" classname="enhancement.LightingEU_User"/>
</testsuite> <!-- enhancement.LightingEU_User -->
