<?xml version="1.0" encoding="UTF-8"?>
<!-- Generated by org.testng.reporters.JUnitReportReporter -->
<testsuite skipped="0" hostname="Dell-PC" name="enhancement.LightingNegativeScenario" tests="20" failures="0" timestamp="04 May 2017 16:15:11 GMT" time="162.383" errors="0">
  <testcase name="Login" time="14.022" classname="enhancement.LightingNegativeScenario"/>
  <testcase name="AMUserSearch" time="17.930" classname="enhancement.LightingNegativeScenario"/>
  <testcase name="AMUserDetails" time="4.403" classname="enhancement.LightingNegativeScenario"/>
  <testcase name="AMUserLogin" time="7.528" classname="enhancement.LightingNegativeScenario"/>
  <testcase name="Opportunities" time="5.978" classname="enhancement.LightingNegativeScenario"/>
  <testcase name="CreateOpportunity" time="3.631" classname="enhancement.LightingNegativeScenario"/>
  <testcase name="CreateNewOpportunity" time="8.457" classname="enhancement.LightingNegativeScenario"/>
  <testcase name="Units" time="4.763" classname="enhancement.LightingNegativeScenario"/>
  <testcase name="Analysis" time="4.768" classname="enhancement.LightingNegativeScenario"/>
  <testcase name="ClickAnalysis" time="2.272" classname="enhancement.LightingNegativeScenario"/>
  <testcase name="NewAnalysis" time="3.613" classname="enhancement.LightingNegativeScenario"/>
  <testcase name="UnitsAndSetup" time="4.059" classname="enhancement.LightingNegativeScenario"/>
  <testcase name="Budget" time="2.257" classname="enhancement.LightingNegativeScenario"/>
  <testcase name="RentsAndIncentive" time="4.165" classname="enhancement.LightingNegativeScenario"/>
  <testcase name="Securities" time="2.986" classname="enhancement.LightingNegativeScenario"/>
  <testcase name="SaveAnalysis" time="2.258" classname="enhancement.LightingNegativeScenario"/>
  <testcase name="LaunchAnalysis" time="63.781" classname="enhancement.LightingNegativeScenario"/>
  <testcase name="LaunchApproval" time="2.896" classname="enhancement.LightingNegativeScenario"/>
  <testcase name="Overview" time="2.464" classname="enhancement.LightingNegativeScenario"/>
  <testcase name="TenantNameError" time="0.152" classname="enhancement.LightingNegativeScenario"/>
</testsuite> <!-- enhancement.LightingNegativeScenario -->
