<?xml version="1.0" encoding="UTF-8"?>
<!-- Generated by org.testng.reporters.JUnitReportReporter -->
<testsuite skipped="0" hostname="Dell-PC" name="enhancement.LightingNegativeScenario" tests="20" failures="0" timestamp="29 Apr 2017 11:30:40 GMT" time="170.619" errors="0">
  <testcase name="Login" time="16.514" classname="enhancement.LightingNegativeScenario"/>
  <testcase name="AMUserSearch" time="20.930" classname="enhancement.LightingNegativeScenario"/>
  <testcase name="AMUserDetails" time="4.294" classname="enhancement.LightingNegativeScenario"/>
  <testcase name="AMUserLogin" time="7.686" classname="enhancement.LightingNegativeScenario"/>
  <testcase name="Opportunities" time="7.547" classname="enhancement.LightingNegativeScenario"/>
  <testcase name="CreateOpportunity" time="3.427" classname="enhancement.LightingNegativeScenario"/>
  <testcase name="CreateNewOpportunity" time="8.932" classname="enhancement.LightingNegativeScenario"/>
  <testcase name="Units" time="4.755" classname="enhancement.LightingNegativeScenario"/>
  <testcase name="Analysis" time="4.837" classname="enhancement.LightingNegativeScenario"/>
  <testcase name="ClickAnalysis" time="2.255" classname="enhancement.LightingNegativeScenario"/>
  <testcase name="NewAnalysis" time="3.400" classname="enhancement.LightingNegativeScenario"/>
  <testcase name="UnitsAndSetup" time="3.954" classname="enhancement.LightingNegativeScenario"/>
  <testcase name="Budget" time="2.244" classname="enhancement.LightingNegativeScenario"/>
  <testcase name="RentsAndIncentive" time="4.333" classname="enhancement.LightingNegativeScenario"/>
  <testcase name="Securities" time="2.830" classname="enhancement.LightingNegativeScenario"/>
  <testcase name="SaveAnalysis" time="2.232" classname="enhancement.LightingNegativeScenario"/>
  <testcase name="LaunchAnalysis" time="64.950" classname="enhancement.LightingNegativeScenario"/>
  <testcase name="LaunchApproval" time="2.761" classname="enhancement.LightingNegativeScenario"/>
  <testcase name="Overview" time="2.611" classname="enhancement.LightingNegativeScenario"/>
  <testcase name="TenantNameError" time="0.127" classname="enhancement.LightingNegativeScenario"/>
</testsuite> <!-- enhancement.LightingNegativeScenario -->
