<?xml version="1.0" encoding="UTF-8"?>
<!-- Generated by org.testng.reporters.JUnitReportReporter -->
<testsuite skipped="0" hostname="Dell-PC" name="enhancement.LightingAM_User" tests="36" failures="0" timestamp="28 Apr 2017 16:08:29 GMT" time="380.889" errors="0">
  <testcase name="Login" time="15.399" classname="enhancement.LightingAM_User"/>
  <testcase name="AMUserSearch" time="22.432" classname="enhancement.LightingAM_User"/>
  <testcase name="AMUserDetails" time="3.833" classname="enhancement.LightingAM_User"/>
  <testcase name="AMUserLogin" time="8.311" classname="enhancement.LightingAM_User"/>
  <testcase name="Opportunities" time="4.512" classname="enhancement.LightingAM_User"/>
  <testcase name="CreateOpportunity" time="1.736" classname="enhancement.LightingAM_User"/>
  <testcase name="CreateNewOpportunity" time="10.380" classname="enhancement.LightingAM_User"/>
  <testcase name="TenantName" time="13.328" classname="enhancement.LightingAM_User"/>
  <testcase name="Units" time="2.991" classname="enhancement.LightingAM_User"/>
  <testcase name="Analysis" time="5.470" classname="enhancement.LightingAM_User"/>
  <testcase name="ClickAnalysis" time="2.244" classname="enhancement.LightingAM_User"/>
  <testcase name="NewAnalysis" time="3.467" classname="enhancement.LightingAM_User"/>
  <testcase name="UnitsAndSetup" time="3.971" classname="enhancement.LightingAM_User"/>
  <testcase name="Budget" time="2.233" classname="enhancement.LightingAM_User"/>
  <testcase name="RentsAndIncentive" time="4.109" classname="enhancement.LightingAM_User"/>
  <testcase name="Securities" time="2.963" classname="enhancement.LightingAM_User"/>
  <testcase name="SaveAnalysis" time="2.232" classname="enhancement.LightingAM_User"/>
  <testcase name="LaunchAnalysis" time="64.825" classname="enhancement.LightingAM_User"/>
  <testcase name="LaunchApproval" time="2.862" classname="enhancement.LightingAM_User"/>
  <testcase name="Approval" time="5.047" classname="enhancement.LightingAM_User"/>
  <testcase name="CommentForApproval" time="12.798" classname="enhancement.LightingAM_User"/>
  <testcase name="ApprovalLogout" time="5.475" classname="enhancement.LightingAM_User"/>
  <testcase name="FirtLevelSearch" time="21.098" classname="enhancement.LightingAM_User"/>
  <testcase name="FirstLevelLogin" time="4.037" classname="enhancement.LightingAM_User"/>
  <testcase name="FirstLevelHome" time="7.045" classname="enhancement.LightingAM_User"/>
  <testcase name="FirstLevelApproval" time="4.586" classname="enhancement.LightingAM_User"/>
  <testcase name="FirstLevelLevelClick" time="12.107" classname="enhancement.LightingAM_User"/>
  <testcase name="SecondLevelSearch" time="14.667" classname="enhancement.LightingAM_User"/>
  <testcase name="SecondLevelLogin" time="3.270" classname="enhancement.LightingAM_User"/>
  <testcase name="SecondLevelApproval" time="32.944" classname="enhancement.LightingAM_User"/>
  <testcase name="ThirdLevelSearch" time="8.424" classname="enhancement.LightingAM_User"/>
  <testcase name="ThirdLevelLogin" time="3.311" classname="enhancement.LightingAM_User"/>
  <testcase name="ThirdLevelApproval" time="36.381" classname="enhancement.LightingAM_User"/>
  <testcase name="FourthLevelSearch" time="8.558" classname="enhancement.LightingAM_User"/>
  <testcase name="FourthLevelLogin" time="3.734" classname="enhancement.LightingAM_User"/>
  <testcase name="FourthLevelApproval" time="20.109" classname="enhancement.LightingAM_User"/>
</testsuite> <!-- enhancement.LightingAM_User -->
